000 (083.000.000) 03/04 12:54:22 Job submitted from host: <192.168.105.78:47401>
...
000 (083.001.000) 03/04 12:54:22 Job submitted from host: <192.168.105.78:47401>
...
000 (083.002.000) 03/04 12:54:22 Job submitted from host: <192.168.105.78:47401>
...
000 (083.003.000) 03/04 12:54:22 Job submitted from host: <192.168.105.78:47401>
...
000 (083.004.000) 03/04 12:54:22 Job submitted from host: <192.168.105.78:47401>
...
000 (083.005.000) 03/04 12:54:22 Job submitted from host: <192.168.105.78:47401>
...
000 (083.006.000) 03/04 12:54:22 Job submitted from host: <192.168.105.78:47401>
...
000 (083.007.000) 03/04 12:54:22 Job submitted from host: <192.168.105.78:47401>
...
000 (083.008.000) 03/04 12:54:22 Job submitted from host: <192.168.105.78:47401>
...
000 (083.009.000) 03/04 12:54:22 Job submitted from host: <192.168.105.78:47401>
...
000 (083.010.000) 03/04 12:54:22 Job submitted from host: <192.168.105.78:47401>
...
000 (083.011.000) 03/04 12:54:22 Job submitted from host: <192.168.105.78:47401>
...
000 (083.012.000) 03/04 12:54:22 Job submitted from host: <192.168.105.78:47401>
...
000 (083.013.000) 03/04 12:54:22 Job submitted from host: <192.168.105.78:47401>
...
000 (083.014.000) 03/04 12:54:22 Job submitted from host: <192.168.105.78:47401>
...
000 (083.015.000) 03/04 12:54:22 Job submitted from host: <192.168.105.78:47401>
...
000 (083.016.000) 03/04 12:54:22 Job submitted from host: <192.168.105.78:47401>
...
000 (083.017.000) 03/04 12:54:22 Job submitted from host: <192.168.105.78:47401>
...
000 (083.018.000) 03/04 12:54:22 Job submitted from host: <192.168.105.78:47401>
...
000 (083.019.000) 03/04 12:54:22 Job submitted from host: <192.168.105.78:47401>
...
000 (083.020.000) 03/04 12:54:22 Job submitted from host: <192.168.105.78:47401>
...
000 (083.021.000) 03/04 12:54:22 Job submitted from host: <192.168.105.78:47401>
...
000 (083.022.000) 03/04 12:54:22 Job submitted from host: <192.168.105.78:47401>
...
000 (083.023.000) 03/04 12:54:22 Job submitted from host: <192.168.105.78:47401>
...
000 (083.024.000) 03/04 12:54:22 Job submitted from host: <192.168.105.78:47401>
...
000 (083.025.000) 03/04 12:54:22 Job submitted from host: <192.168.105.78:47401>
...
000 (083.026.000) 03/04 12:54:22 Job submitted from host: <192.168.105.78:47401>
...
000 (083.027.000) 03/04 12:54:22 Job submitted from host: <192.168.105.78:47401>
...
000 (083.028.000) 03/04 12:54:22 Job submitted from host: <192.168.105.78:47401>
...
000 (083.029.000) 03/04 12:54:22 Job submitted from host: <192.168.105.78:47401>
...
000 (083.030.000) 03/04 12:54:22 Job submitted from host: <192.168.105.78:47401>
...
000 (083.031.000) 03/04 12:54:22 Job submitted from host: <192.168.105.78:47401>
...
000 (083.032.000) 03/04 12:54:22 Job submitted from host: <192.168.105.78:47401>
...
000 (083.033.000) 03/04 12:54:22 Job submitted from host: <192.168.105.78:47401>
...
000 (083.034.000) 03/04 12:54:22 Job submitted from host: <192.168.105.78:47401>
...
000 (083.035.000) 03/04 12:54:22 Job submitted from host: <192.168.105.78:47401>
...
000 (083.036.000) 03/04 12:54:22 Job submitted from host: <192.168.105.78:47401>
...
000 (083.037.000) 03/04 12:54:22 Job submitted from host: <192.168.105.78:47401>
...
000 (083.038.000) 03/04 12:54:22 Job submitted from host: <192.168.105.78:47401>
...
000 (083.039.000) 03/04 12:54:22 Job submitted from host: <192.168.105.78:47401>
...
000 (083.040.000) 03/04 12:54:22 Job submitted from host: <192.168.105.78:47401>
...
000 (083.041.000) 03/04 12:54:22 Job submitted from host: <192.168.105.78:47401>
...
000 (083.042.000) 03/04 12:54:22 Job submitted from host: <192.168.105.78:47401>
...
000 (083.043.000) 03/04 12:54:22 Job submitted from host: <192.168.105.78:47401>
...
000 (083.044.000) 03/04 12:54:22 Job submitted from host: <192.168.105.78:47401>
...
000 (083.045.000) 03/04 12:54:22 Job submitted from host: <192.168.105.78:47401>
...
000 (083.046.000) 03/04 12:54:22 Job submitted from host: <192.168.105.78:47401>
...
000 (083.047.000) 03/04 12:54:22 Job submitted from host: <192.168.105.78:47401>
...
000 (083.048.000) 03/04 12:54:22 Job submitted from host: <192.168.105.78:47401>
...
000 (083.049.000) 03/04 12:54:22 Job submitted from host: <192.168.105.78:47401>
...
001 (083.000.000) 03/04 12:54:22 Job executing on host: <192.168.105.78:49021>
...
001 (083.001.000) 03/04 12:54:23 Job executing on host: <192.168.105.78:49021>
...
001 (083.002.000) 03/04 12:54:23 Job executing on host: <192.168.105.78:49021>
...
001 (083.004.000) 03/04 12:54:24 Job executing on host: <192.168.105.78:49021>
...
001 (083.005.000) 03/04 12:54:24 Job executing on host: <192.168.105.78:49021>
...
001 (083.006.000) 03/04 12:54:24 Job executing on host: <192.168.105.78:49021>
...
001 (083.007.000) 03/04 12:54:24 Job executing on host: <192.168.105.78:49021>
...
001 (083.008.000) 03/04 12:54:24 Job executing on host: <192.168.105.78:49021>
...
001 (083.009.000) 03/04 12:54:24 Job executing on host: <192.168.105.78:49021>
...
001 (083.003.000) 03/04 12:54:24 Job executing on host: <192.168.105.78:49021>
...
001 (083.010.000) 03/04 12:54:24 Job executing on host: <192.168.105.78:49021>
...
001 (083.011.000) 03/04 12:54:24 Job executing on host: <192.168.105.78:49021>
...
001 (083.013.000) 03/04 12:54:25 Job executing on host: <192.168.105.78:49021>
...
001 (083.015.000) 03/04 12:54:25 Job executing on host: <192.168.105.78:49021>
...
001 (083.014.000) 03/04 12:54:25 Job executing on host: <192.168.105.78:49021>
...
001 (083.016.000) 03/04 12:54:25 Job executing on host: <192.168.105.78:49021>
...
001 (083.012.000) 03/04 12:54:24 Job executing on host: <192.168.105.78:49021>
...
001 (083.019.000) 03/04 12:54:25 Job executing on host: <192.168.105.78:49021>
...
001 (083.018.000) 03/04 12:54:25 Job executing on host: <192.168.105.78:49021>
...
001 (083.022.000) 03/04 12:54:25 Job executing on host: <192.168.105.78:49021>
...
001 (083.025.000) 03/04 12:54:25 Job executing on host: <192.168.105.78:49021>
...
001 (083.026.000) 03/04 12:54:25 Job executing on host: <192.168.105.78:49021>
...
001 (083.017.000) 03/04 12:54:25 Job executing on host: <192.168.105.78:49021>
...
001 (083.020.000) 03/04 12:54:25 Job executing on host: <192.168.105.78:49021>
...
001 (083.024.000) 03/04 12:54:25 Job executing on host: <192.168.105.78:49021>
...
001 (083.027.000) 03/04 12:54:25 Job executing on host: <192.168.105.78:49021>
...
001 (083.023.000) 03/04 12:54:25 Job executing on host: <192.168.105.78:49021>
...
001 (083.021.000) 03/04 12:54:25 Job executing on host: <192.168.105.78:49021>
...
006 (083.000.000) 03/04 12:54:31 Image size of job updated: 220148
	58  -  MemoryUsage of job (MB)
	59184  -  ResidentSetSize of job (KB)
...
006 (083.001.000) 03/04 12:54:31 Image size of job updated: 220148
	58  -  MemoryUsage of job (MB)
	59180  -  ResidentSetSize of job (KB)
...
006 (083.002.000) 03/04 12:54:31 Image size of job updated: 220148
	58  -  MemoryUsage of job (MB)
	59184  -  ResidentSetSize of job (KB)
...
006 (083.005.000) 03/04 12:54:33 Image size of job updated: 163308
	42  -  MemoryUsage of job (MB)
	42288  -  ResidentSetSize of job (KB)
...
006 (083.006.000) 03/04 12:54:33 Image size of job updated: 162164
	41  -  MemoryUsage of job (MB)
	41020  -  ResidentSetSize of job (KB)
...
006 (083.007.000) 03/04 12:54:33 Image size of job updated: 162424
	41  -  MemoryUsage of job (MB)
	41604  -  ResidentSetSize of job (KB)
...
006 (083.008.000) 03/04 12:54:33 Image size of job updated: 144492
	34  -  MemoryUsage of job (MB)
	34004  -  ResidentSetSize of job (KB)
...
006 (083.009.000) 03/04 12:54:33 Image size of job updated: 137584
	31  -  MemoryUsage of job (MB)
	31456  -  ResidentSetSize of job (KB)
...
006 (083.003.000) 03/04 12:54:33 Image size of job updated: 148856
	36  -  MemoryUsage of job (MB)
	36164  -  ResidentSetSize of job (KB)
...
006 (083.010.000) 03/04 12:54:33 Image size of job updated: 111956
	24  -  MemoryUsage of job (MB)
	23692  -  ResidentSetSize of job (KB)
...
006 (083.013.000) 03/04 12:54:33 Image size of job updated: 113748
	25  -  MemoryUsage of job (MB)
	25504  -  ResidentSetSize of job (KB)
...
006 (083.011.000) 03/04 12:54:33 Image size of job updated: 129760
	28  -  MemoryUsage of job (MB)
	28044  -  ResidentSetSize of job (KB)
...
006 (083.014.000) 03/04 12:54:33 Image size of job updated: 129764
	28  -  MemoryUsage of job (MB)
	28044  -  ResidentSetSize of job (KB)
...
006 (083.015.000) 03/04 12:54:33 Image size of job updated: 118908
	26  -  MemoryUsage of job (MB)
	26112  -  ResidentSetSize of job (KB)
...
006 (083.016.000) 03/04 12:54:33 Image size of job updated: 101596
	20  -  MemoryUsage of job (MB)
	20056  -  ResidentSetSize of job (KB)
...
006 (083.012.000) 03/04 12:54:33 Image size of job updated: 99980
	18  -  MemoryUsage of job (MB)
	18420  -  ResidentSetSize of job (KB)
...
006 (083.019.000) 03/04 12:54:33 Image size of job updated: 99920
	17  -  MemoryUsage of job (MB)
	17164  -  ResidentSetSize of job (KB)
...
006 (083.018.000) 03/04 12:54:33 Image size of job updated: 99916
	13  -  MemoryUsage of job (MB)
	12848  -  ResidentSetSize of job (KB)
...
006 (083.022.000) 03/04 12:54:33 Image size of job updated: 99920
	8  -  MemoryUsage of job (MB)
	7272  -  ResidentSetSize of job (KB)
...
006 (083.025.000) 03/04 12:54:33 Image size of job updated: 99924
	8  -  MemoryUsage of job (MB)
	7536  -  ResidentSetSize of job (KB)
...
006 (083.023.000) 03/04 12:54:33 Image size of job updated: 99916
	3  -  MemoryUsage of job (MB)
	2236  -  ResidentSetSize of job (KB)
...
006 (083.026.000) 03/04 12:54:33 Image size of job updated: 99920
	3  -  MemoryUsage of job (MB)
	2236  -  ResidentSetSize of job (KB)
...
006 (083.024.000) 03/04 12:54:33 Image size of job updated: 99916
	3  -  MemoryUsage of job (MB)
	2236  -  ResidentSetSize of job (KB)
...
006 (083.017.000) 03/04 12:54:33 Image size of job updated: 99920
	3  -  MemoryUsage of job (MB)
	2236  -  ResidentSetSize of job (KB)
...
006 (083.020.000) 03/04 12:54:33 Image size of job updated: 99920
	3  -  MemoryUsage of job (MB)
	2236  -  ResidentSetSize of job (KB)
...
006 (083.021.000) 03/04 12:54:33 Image size of job updated: 3000
	3  -  MemoryUsage of job (MB)
	2240  -  ResidentSetSize of job (KB)
...
006 (083.027.000) 03/04 12:54:33 Image size of job updated: 99920
	3  -  MemoryUsage of job (MB)
	2236  -  ResidentSetSize of job (KB)
...
006 (083.004.000) 03/04 12:54:34 Image size of job updated: 163444
	42  -  MemoryUsage of job (MB)
	42556  -  ResidentSetSize of job (KB)
...
006 (083.005.000) 03/04 12:59:33 Image size of job updated: 220144
	58  -  MemoryUsage of job (MB)
	59180  -  ResidentSetSize of job (KB)
...
006 (083.006.000) 03/04 12:59:33 Image size of job updated: 220144
	58  -  MemoryUsage of job (MB)
	59184  -  ResidentSetSize of job (KB)
...
006 (083.007.000) 03/04 12:59:33 Image size of job updated: 220144
	58  -  MemoryUsage of job (MB)
	59184  -  ResidentSetSize of job (KB)
...
006 (083.008.000) 03/04 12:59:33 Image size of job updated: 220144
	58  -  MemoryUsage of job (MB)
	59184  -  ResidentSetSize of job (KB)
...
006 (083.009.000) 03/04 12:59:33 Image size of job updated: 220144
	58  -  MemoryUsage of job (MB)
	59184  -  ResidentSetSize of job (KB)
...
006 (083.003.000) 03/04 12:59:33 Image size of job updated: 220144
	58  -  MemoryUsage of job (MB)
	59184  -  ResidentSetSize of job (KB)
...
006 (083.010.000) 03/04 12:59:33 Image size of job updated: 220144
	58  -  MemoryUsage of job (MB)
	59180  -  ResidentSetSize of job (KB)
...
006 (083.011.000) 03/04 12:59:33 Image size of job updated: 220144
	58  -  MemoryUsage of job (MB)
	59184  -  ResidentSetSize of job (KB)
...
006 (083.013.000) 03/04 12:59:33 Image size of job updated: 220144
	58  -  MemoryUsage of job (MB)
	59184  -  ResidentSetSize of job (KB)
...
006 (083.014.000) 03/04 12:59:33 Image size of job updated: 220144
	58  -  MemoryUsage of job (MB)
	59184  -  ResidentSetSize of job (KB)
...
006 (083.015.000) 03/04 12:59:33 Image size of job updated: 220144
	58  -  MemoryUsage of job (MB)
	59184  -  ResidentSetSize of job (KB)
...
006 (083.016.000) 03/04 12:59:33 Image size of job updated: 220144
	58  -  MemoryUsage of job (MB)
	59180  -  ResidentSetSize of job (KB)
...
006 (083.012.000) 03/04 12:59:33 Image size of job updated: 220144
	58  -  MemoryUsage of job (MB)
	59184  -  ResidentSetSize of job (KB)
...
006 (083.019.000) 03/04 12:59:33 Image size of job updated: 220144
	58  -  MemoryUsage of job (MB)
	59184  -  ResidentSetSize of job (KB)
...
006 (083.018.000) 03/04 12:59:33 Image size of job updated: 220144
	58  -  MemoryUsage of job (MB)
	59180  -  ResidentSetSize of job (KB)
...
006 (083.022.000) 03/04 12:59:33 Image size of job updated: 220144
	58  -  MemoryUsage of job (MB)
	59184  -  ResidentSetSize of job (KB)
...
006 (083.025.000) 03/04 12:59:33 Image size of job updated: 220144
	58  -  MemoryUsage of job (MB)
	59184  -  ResidentSetSize of job (KB)
...
006 (083.023.000) 03/04 12:59:33 Image size of job updated: 220144
	58  -  MemoryUsage of job (MB)
	59184  -  ResidentSetSize of job (KB)
...
006 (083.026.000) 03/04 12:59:33 Image size of job updated: 220144
	58  -  MemoryUsage of job (MB)
	59184  -  ResidentSetSize of job (KB)
...
006 (083.024.000) 03/04 12:59:33 Image size of job updated: 220144
	58  -  MemoryUsage of job (MB)
	59184  -  ResidentSetSize of job (KB)
...
006 (083.027.000) 03/04 12:59:33 Image size of job updated: 220144
	58  -  MemoryUsage of job (MB)
	59184  -  ResidentSetSize of job (KB)
...
006 (083.020.000) 03/04 12:59:33 Image size of job updated: 220144
	58  -  MemoryUsage of job (MB)
	59180  -  ResidentSetSize of job (KB)
...
006 (083.021.000) 03/04 12:59:33 Image size of job updated: 220144
	58  -  MemoryUsage of job (MB)
	59184  -  ResidentSetSize of job (KB)
...
006 (083.017.000) 03/04 12:59:33 Image size of job updated: 220144
	58  -  MemoryUsage of job (MB)
	59184  -  ResidentSetSize of job (KB)
...
006 (083.004.000) 03/04 12:59:34 Image size of job updated: 220144
	58  -  MemoryUsage of job (MB)
	59184  -  ResidentSetSize of job (KB)
...
005 (083.016.000) 03/04 13:14:41 Job terminated.
	(1) Normal termination (return value 0)
		Usr 0 00:16:18, Sys 0 00:00:00  -  Run Remote Usage
		Usr 0 00:00:00, Sys 0 00:00:00  -  Run Local Usage
		Usr 0 00:16:18, Sys 0 00:00:00  -  Total Remote Usage
		Usr 0 00:00:00, Sys 0 00:00:00  -  Total Local Usage
	0  -  Run Bytes Sent By Job
	0  -  Run Bytes Received By Job
	0  -  Total Bytes Sent By Job
	0  -  Total Bytes Received By Job
	Partitionable Resources :    Usage  Request Allocated
	   Cpus                 :                 1         1
	   Disk (KB)            :     3000     3000   4446212
	   Memory (MB)          :       58        3     13847
...
005 (083.009.000) 03/04 13:14:48 Job terminated.
	(1) Normal termination (return value 0)
		Usr 0 00:16:24, Sys 0 00:00:00  -  Run Remote Usage
		Usr 0 00:00:00, Sys 0 00:00:00  -  Run Local Usage
		Usr 0 00:16:24, Sys 0 00:00:00  -  Total Remote Usage
		Usr 0 00:00:00, Sys 0 00:00:00  -  Total Local Usage
	0  -  Run Bytes Sent By Job
	0  -  Run Bytes Received By Job
	0  -  Total Bytes Sent By Job
	0  -  Total Bytes Received By Job
	Partitionable Resources :    Usage  Request Allocated
	   Cpus                 :                 1         1
	   Disk (KB)            :     3000     3000   4446212
	   Memory (MB)          :       58        3     13847
...
005 (083.013.000) 03/04 13:14:50 Job terminated.
	(1) Normal termination (return value 0)
		Usr 0 00:16:37, Sys 0 00:00:00  -  Run Remote Usage
		Usr 0 00:00:00, Sys 0 00:00:00  -  Run Local Usage
		Usr 0 00:16:37, Sys 0 00:00:00  -  Total Remote Usage
		Usr 0 00:00:00, Sys 0 00:00:00  -  Total Local Usage
	0  -  Run Bytes Sent By Job
	0  -  Run Bytes Received By Job
	0  -  Total Bytes Sent By Job
	0  -  Total Bytes Received By Job
	Partitionable Resources :    Usage  Request Allocated
	   Cpus                 :                 1         1
	   Disk (KB)            :     3000     3000   4446212
	   Memory (MB)          :       58        3     13847
...
005 (083.027.000) 03/04 13:14:51 Job terminated.
	(1) Normal termination (return value 0)
		Usr 0 00:16:34, Sys 0 00:00:00  -  Run Remote Usage
		Usr 0 00:00:00, Sys 0 00:00:00  -  Run Local Usage
		Usr 0 00:16:34, Sys 0 00:00:00  -  Total Remote Usage
		Usr 0 00:00:00, Sys 0 00:00:00  -  Total Local Usage
	0  -  Run Bytes Sent By Job
	0  -  Run Bytes Received By Job
	0  -  Total Bytes Sent By Job
	0  -  Total Bytes Received By Job
	Partitionable Resources :    Usage  Request Allocated
	   Cpus                 :                 1         1
	   Disk (KB)            :     3000     3000   4446212
	   Memory (MB)          :       58        3     13847
...
005 (083.017.000) 03/04 13:14:54 Job terminated.
	(1) Normal termination (return value 0)
		Usr 0 00:16:29, Sys 0 00:00:00  -  Run Remote Usage
		Usr 0 00:00:00, Sys 0 00:00:00  -  Run Local Usage
		Usr 0 00:16:29, Sys 0 00:00:00  -  Total Remote Usage
		Usr 0 00:00:00, Sys 0 00:00:00  -  Total Local Usage
	0  -  Run Bytes Sent By Job
	0  -  Run Bytes Received By Job
	0  -  Total Bytes Sent By Job
	0  -  Total Bytes Received By Job
	Partitionable Resources :    Usage  Request Allocated
	   Cpus                 :                 1         1
	   Disk (KB)            :     3000     3000   4446212
	   Memory (MB)          :       58        3     13847
...
005 (083.011.000) 03/04 13:14:54 Job terminated.
	(1) Normal termination (return value 0)
		Usr 0 00:16:35, Sys 0 00:00:00  -  Run Remote Usage
		Usr 0 00:00:00, Sys 0 00:00:00  -  Run Local Usage
		Usr 0 00:16:35, Sys 0 00:00:00  -  Total Remote Usage
		Usr 0 00:00:00, Sys 0 00:00:00  -  Total Local Usage
	0  -  Run Bytes Sent By Job
	0  -  Run Bytes Received By Job
	0  -  Total Bytes Sent By Job
	0  -  Total Bytes Received By Job
	Partitionable Resources :    Usage  Request Allocated
	   Cpus                 :                 1         1
	   Disk (KB)            :     3000     3000   4446212
	   Memory (MB)          :       58        3     13847
...
005 (083.007.000) 03/04 13:14:55 Job terminated.
	(1) Normal termination (return value 0)
		Usr 0 00:16:31, Sys 0 00:00:00  -  Run Remote Usage
		Usr 0 00:00:00, Sys 0 00:00:00  -  Run Local Usage
		Usr 0 00:16:31, Sys 0 00:00:00  -  Total Remote Usage
		Usr 0 00:00:00, Sys 0 00:00:00  -  Total Local Usage
	0  -  Run Bytes Sent By Job
	0  -  Run Bytes Received By Job
	0  -  Total Bytes Sent By Job
	0  -  Total Bytes Received By Job
	Partitionable Resources :    Usage  Request Allocated
	   Cpus                 :                 1         1
	   Disk (KB)            :     3000     3000   4446212
	   Memory (MB)          :       58        3     13847
...
005 (083.000.000) 03/04 13:14:56 Job terminated.
	(1) Normal termination (return value 0)
		Usr 0 00:16:34, Sys 0 00:00:00  -  Run Remote Usage
		Usr 0 00:00:00, Sys 0 00:00:00  -  Run Local Usage
		Usr 0 00:16:34, Sys 0 00:00:00  -  Total Remote Usage
		Usr 0 00:00:00, Sys 0 00:00:00  -  Total Local Usage
	0  -  Run Bytes Sent By Job
	0  -  Run Bytes Received By Job
	0  -  Total Bytes Sent By Job
	0  -  Total Bytes Received By Job
	Partitionable Resources :    Usage  Request Allocated
	   Cpus                 :                 1         1
	   Disk (KB)            :     3000     3000   4446212
	   Memory (MB)          :       58        3     13847
...
005 (083.022.000) 03/04 13:14:58 Job terminated.
	(1) Normal termination (return value 0)
		Usr 0 00:16:29, Sys 0 00:00:00  -  Run Remote Usage
		Usr 0 00:00:00, Sys 0 00:00:00  -  Run Local Usage
		Usr 0 00:16:29, Sys 0 00:00:00  -  Total Remote Usage
		Usr 0 00:00:00, Sys 0 00:00:00  -  Total Local Usage
	0  -  Run Bytes Sent By Job
	0  -  Run Bytes Received By Job
	0  -  Total Bytes Sent By Job
	0  -  Total Bytes Received By Job
	Partitionable Resources :    Usage  Request Allocated
	   Cpus                 :                 1         1
	   Disk (KB)            :     3000     3000   4446212
	   Memory (MB)          :       58        3     13847
...
005 (083.021.000) 03/04 13:15:01 Job terminated.
	(1) Normal termination (return value 0)
		Usr 0 00:16:32, Sys 0 00:00:00  -  Run Remote Usage
		Usr 0 00:00:00, Sys 0 00:00:00  -  Run Local Usage
		Usr 0 00:16:32, Sys 0 00:00:00  -  Total Remote Usage
		Usr 0 00:00:00, Sys 0 00:00:00  -  Total Local Usage
	0  -  Run Bytes Sent By Job
	0  -  Run Bytes Received By Job
	0  -  Total Bytes Sent By Job
	0  -  Total Bytes Received By Job
	Partitionable Resources :    Usage  Request Allocated
	   Cpus                 :                 1         1
	   Disk (KB)            :     3000     3000   4446212
	   Memory (MB)          :       58        3     13847
...
005 (083.025.000) 03/04 13:15:05 Job terminated.
	(1) Normal termination (return value 0)
		Usr 0 00:16:27, Sys 0 00:00:00  -  Run Remote Usage
		Usr 0 00:00:00, Sys 0 00:00:00  -  Run Local Usage
		Usr 0 00:16:27, Sys 0 00:00:00  -  Total Remote Usage
		Usr 0 00:00:00, Sys 0 00:00:00  -  Total Local Usage
	0  -  Run Bytes Sent By Job
	0  -  Run Bytes Received By Job
	0  -  Total Bytes Sent By Job
	0  -  Total Bytes Received By Job
	Partitionable Resources :    Usage  Request Allocated
	   Cpus                 :                 1         1
	   Disk (KB)            :     3000     3000   4446212
	   Memory (MB)          :       58        3     13847
...
005 (083.015.000) 03/04 13:15:05 Job terminated.
	(1) Normal termination (return value 0)
		Usr 0 00:16:37, Sys 0 00:00:00  -  Run Remote Usage
		Usr 0 00:00:00, Sys 0 00:00:00  -  Run Local Usage
		Usr 0 00:16:37, Sys 0 00:00:00  -  Total Remote Usage
		Usr 0 00:00:00, Sys 0 00:00:00  -  Total Local Usage
	0  -  Run Bytes Sent By Job
	0  -  Run Bytes Received By Job
	0  -  Total Bytes Sent By Job
	0  -  Total Bytes Received By Job
	Partitionable Resources :    Usage  Request Allocated
	   Cpus                 :                 1         1
	   Disk (KB)            :     3000     3000   4446212
	   Memory (MB)          :       58        3     13847
...
005 (083.018.000) 03/04 13:15:05 Job terminated.
	(1) Normal termination (return value 0)
		Usr 0 00:16:34, Sys 0 00:00:00  -  Run Remote Usage
		Usr 0 00:00:00, Sys 0 00:00:00  -  Run Local Usage
		Usr 0 00:16:34, Sys 0 00:00:00  -  Total Remote Usage
		Usr 0 00:00:00, Sys 0 00:00:00  -  Total Local Usage
	0  -  Run Bytes Sent By Job
	0  -  Run Bytes Received By Job
	0  -  Total Bytes Sent By Job
	0  -  Total Bytes Received By Job
	Partitionable Resources :    Usage  Request Allocated
	   Cpus                 :                 1         1
	   Disk (KB)            :     3000     3000   4446212
	   Memory (MB)          :       58        3     13847
...
005 (083.012.000) 03/04 13:15:08 Job terminated.
	(1) Normal termination (return value 0)
		Usr 0 00:16:29, Sys 0 00:00:00  -  Run Remote Usage
		Usr 0 00:00:00, Sys 0 00:00:00  -  Run Local Usage
		Usr 0 00:16:29, Sys 0 00:00:00  -  Total Remote Usage
		Usr 0 00:00:00, Sys 0 00:00:00  -  Total Local Usage
	0  -  Run Bytes Sent By Job
	0  -  Run Bytes Received By Job
	0  -  Total Bytes Sent By Job
	0  -  Total Bytes Received By Job
	Partitionable Resources :    Usage  Request Allocated
	   Cpus                 :                 1         1
	   Disk (KB)            :     3000     3000   4446212
	   Memory (MB)          :       58        3     13847
...
005 (083.005.000) 03/04 13:15:09 Job terminated.
	(1) Normal termination (return value 0)
		Usr 0 00:16:37, Sys 0 00:00:00  -  Run Remote Usage
		Usr 0 00:00:00, Sys 0 00:00:00  -  Run Local Usage
		Usr 0 00:16:37, Sys 0 00:00:00  -  Total Remote Usage
		Usr 0 00:00:00, Sys 0 00:00:00  -  Total Local Usage
	0  -  Run Bytes Sent By Job
	0  -  Run Bytes Received By Job
	0  -  Total Bytes Sent By Job
	0  -  Total Bytes Received By Job
	Partitionable Resources :    Usage  Request Allocated
	   Cpus                 :                 1         1
	   Disk (KB)            :     3000     3000   4446212
	   Memory (MB)          :       58        3     13847
...
005 (083.020.000) 03/04 13:15:09 Job terminated.
	(1) Normal termination (return value 0)
		Usr 0 00:16:32, Sys 0 00:00:00  -  Run Remote Usage
		Usr 0 00:00:00, Sys 0 00:00:00  -  Run Local Usage
		Usr 0 00:16:32, Sys 0 00:00:00  -  Total Remote Usage
		Usr 0 00:00:00, Sys 0 00:00:00  -  Total Local Usage
	0  -  Run Bytes Sent By Job
	0  -  Run Bytes Received By Job
	0  -  Total Bytes Sent By Job
	0  -  Total Bytes Received By Job
	Partitionable Resources :    Usage  Request Allocated
	   Cpus                 :                 1         1
	   Disk (KB)            :     3000     3000   4446212
	   Memory (MB)          :       58        3     13847
...
005 (083.026.000) 03/04 13:15:12 Job terminated.
	(1) Normal termination (return value 0)
		Usr 0 00:16:37, Sys 0 00:00:00  -  Run Remote Usage
		Usr 0 00:00:00, Sys 0 00:00:00  -  Run Local Usage
		Usr 0 00:16:37, Sys 0 00:00:00  -  Total Remote Usage
		Usr 0 00:00:00, Sys 0 00:00:00  -  Total Local Usage
	0  -  Run Bytes Sent By Job
	0  -  Run Bytes Received By Job
	0  -  Total Bytes Sent By Job
	0  -  Total Bytes Received By Job
	Partitionable Resources :    Usage  Request Allocated
	   Cpus                 :                 1         1
	   Disk (KB)            :     3000     3000   4446212
	   Memory (MB)          :       58        3     13847
...
005 (083.002.000) 03/04 13:15:13 Job terminated.
	(1) Normal termination (return value 0)
		Usr 0 00:16:43, Sys 0 00:00:00  -  Run Remote Usage
		Usr 0 00:00:00, Sys 0 00:00:00  -  Run Local Usage
		Usr 0 00:16:43, Sys 0 00:00:00  -  Total Remote Usage
		Usr 0 00:00:00, Sys 0 00:00:00  -  Total Local Usage
	0  -  Run Bytes Sent By Job
	0  -  Run Bytes Received By Job
	0  -  Total Bytes Sent By Job
	0  -  Total Bytes Received By Job
	Partitionable Resources :    Usage  Request Allocated
	   Cpus                 :                 1         1
	   Disk (KB)            :     3000     3000   4446212
	   Memory (MB)          :       58        3     13847
...
005 (083.010.000) 03/04 13:15:14 Job terminated.
	(1) Normal termination (return value 0)
		Usr 0 00:16:36, Sys 0 00:00:00  -  Run Remote Usage
		Usr 0 00:00:00, Sys 0 00:00:00  -  Run Local Usage
		Usr 0 00:16:36, Sys 0 00:00:00  -  Total Remote Usage
		Usr 0 00:00:00, Sys 0 00:00:00  -  Total Local Usage
	0  -  Run Bytes Sent By Job
	0  -  Run Bytes Received By Job
	0  -  Total Bytes Sent By Job
	0  -  Total Bytes Received By Job
	Partitionable Resources :    Usage  Request Allocated
	   Cpus                 :                 1         1
	   Disk (KB)            :     3000     3000   4446212
	   Memory (MB)          :       58        3     13847
...
005 (083.004.000) 03/04 13:15:14 Job terminated.
	(1) Normal termination (return value 0)
		Usr 0 00:16:40, Sys 0 00:00:00  -  Run Remote Usage
		Usr 0 00:00:00, Sys 0 00:00:00  -  Run Local Usage
		Usr 0 00:16:40, Sys 0 00:00:00  -  Total Remote Usage
		Usr 0 00:00:00, Sys 0 00:00:00  -  Total Local Usage
	0  -  Run Bytes Sent By Job
	0  -  Run Bytes Received By Job
	0  -  Total Bytes Sent By Job
	0  -  Total Bytes Received By Job
	Partitionable Resources :    Usage  Request Allocated
	   Cpus                 :                 1         1
	   Disk (KB)            :     3000     3000   4446212
	   Memory (MB)          :       58        3     13847
...
005 (083.003.000) 03/04 13:15:15 Job terminated.
	(1) Normal termination (return value 0)
		Usr 0 00:16:41, Sys 0 00:00:00  -  Run Remote Usage
		Usr 0 00:00:00, Sys 0 00:00:00  -  Run Local Usage
		Usr 0 00:16:41, Sys 0 00:00:00  -  Total Remote Usage
		Usr 0 00:00:00, Sys 0 00:00:00  -  Total Local Usage
	0  -  Run Bytes Sent By Job
	0  -  Run Bytes Received By Job
	0  -  Total Bytes Sent By Job
	0  -  Total Bytes Received By Job
	Partitionable Resources :    Usage  Request Allocated
	   Cpus                 :                 1         1
	   Disk (KB)            :     3000     3000   4446212
	   Memory (MB)          :       58        3     13847
...
005 (083.001.000) 03/04 13:15:16 Job terminated.
	(1) Normal termination (return value 0)
		Usr 0 00:16:43, Sys 0 00:00:00  -  Run Remote Usage
		Usr 0 00:00:00, Sys 0 00:00:00  -  Run Local Usage
		Usr 0 00:16:43, Sys 0 00:00:00  -  Total Remote Usage
		Usr 0 00:00:00, Sys 0 00:00:00  -  Total Local Usage
	0  -  Run Bytes Sent By Job
	0  -  Run Bytes Received By Job
	0  -  Total Bytes Sent By Job
	0  -  Total Bytes Received By Job
	Partitionable Resources :    Usage  Request Allocated
	   Cpus                 :                 1         1
	   Disk (KB)            :     3000     3000   4446212
	   Memory (MB)          :       58        3     13847
...
005 (083.006.000) 03/04 13:15:16 Job terminated.
	(1) Normal termination (return value 0)
		Usr 0 00:16:39, Sys 0 00:00:00  -  Run Remote Usage
		Usr 0 00:00:00, Sys 0 00:00:00  -  Run Local Usage
		Usr 0 00:16:39, Sys 0 00:00:00  -  Total Remote Usage
		Usr 0 00:00:00, Sys 0 00:00:00  -  Total Local Usage
	0  -  Run Bytes Sent By Job
	0  -  Run Bytes Received By Job
	0  -  Total Bytes Sent By Job
	0  -  Total Bytes Received By Job
	Partitionable Resources :    Usage  Request Allocated
	   Cpus                 :                 1         1
	   Disk (KB)            :     3000     3000   4446212
	   Memory (MB)          :       58        3     13847
...
005 (083.008.000) 03/04 13:15:16 Job terminated.
	(1) Normal termination (return value 0)
		Usr 0 00:16:41, Sys 0 00:00:00  -  Run Remote Usage
		Usr 0 00:00:00, Sys 0 00:00:00  -  Run Local Usage
		Usr 0 00:16:41, Sys 0 00:00:00  -  Total Remote Usage
		Usr 0 00:00:00, Sys 0 00:00:00  -  Total Local Usage
	0  -  Run Bytes Sent By Job
	0  -  Run Bytes Received By Job
	0  -  Total Bytes Sent By Job
	0  -  Total Bytes Received By Job
	Partitionable Resources :    Usage  Request Allocated
	   Cpus                 :                 1         1
	   Disk (KB)            :     3000     3000   4446212
	   Memory (MB)          :       58        3     13847
...
006 (083.014.000) 03/04 13:15:17 Image size of job updated: 220148
	58  -  MemoryUsage of job (MB)
	59184  -  ResidentSetSize of job (KB)
...
005 (083.014.000) 03/04 13:15:17 Job terminated.
	(1) Normal termination (return value 0)
		Usr 0 00:16:42, Sys 0 00:00:00  -  Run Remote Usage
		Usr 0 00:00:00, Sys 0 00:00:00  -  Run Local Usage
		Usr 0 00:16:42, Sys 0 00:00:00  -  Total Remote Usage
		Usr 0 00:00:00, Sys 0 00:00:00  -  Total Local Usage
	0  -  Run Bytes Sent By Job
	0  -  Run Bytes Received By Job
	0  -  Total Bytes Sent By Job
	0  -  Total Bytes Received By Job
	Partitionable Resources :    Usage  Request Allocated
	   Cpus                 :                 1         1
	   Disk (KB)            :     3000     3000   4446212
	   Memory (MB)          :       58        3     13847
...
005 (083.024.000) 03/04 13:15:18 Job terminated.
	(1) Normal termination (return value 0)
		Usr 0 00:16:35, Sys 0 00:00:00  -  Run Remote Usage
		Usr 0 00:00:00, Sys 0 00:00:00  -  Run Local Usage
		Usr 0 00:16:35, Sys 0 00:00:00  -  Total Remote Usage
		Usr 0 00:00:00, Sys 0 00:00:00  -  Total Local Usage
	0  -  Run Bytes Sent By Job
	0  -  Run Bytes Received By Job
	0  -  Total Bytes Sent By Job
	0  -  Total Bytes Received By Job
	Partitionable Resources :    Usage  Request Allocated
	   Cpus                 :                 1         1
	   Disk (KB)            :     3000     3000   4446212
	   Memory (MB)          :       58        3     13847
...
005 (083.023.000) 03/04 13:15:21 Job terminated.
	(1) Normal termination (return value 0)
		Usr 0 00:16:30, Sys 0 00:00:00  -  Run Remote Usage
		Usr 0 00:00:00, Sys 0 00:00:00  -  Run Local Usage
		Usr 0 00:16:30, Sys 0 00:00:00  -  Total Remote Usage
		Usr 0 00:00:00, Sys 0 00:00:00  -  Total Local Usage
	0  -  Run Bytes Sent By Job
	0  -  Run Bytes Received By Job
	0  -  Total Bytes Sent By Job
	0  -  Total Bytes Received By Job
	Partitionable Resources :    Usage  Request Allocated
	   Cpus                 :                 1         1
	   Disk (KB)            :     3000     3000   4446212
	   Memory (MB)          :       58        3     13847
...
005 (083.019.000) 03/04 13:15:21 Job terminated.
	(1) Normal termination (return value 0)
		Usr 0 00:16:46, Sys 0 00:00:00  -  Run Remote Usage
		Usr 0 00:00:00, Sys 0 00:00:00  -  Run Local Usage
		Usr 0 00:16:46, Sys 0 00:00:00  -  Total Remote Usage
		Usr 0 00:00:00, Sys 0 00:00:00  -  Total Local Usage
	0  -  Run Bytes Sent By Job
	0  -  Run Bytes Received By Job
	0  -  Total Bytes Sent By Job
	0  -  Total Bytes Received By Job
	Partitionable Resources :    Usage  Request Allocated
	   Cpus                 :                 1         1
	   Disk (KB)            :     3000     3000   4446212
	   Memory (MB)          :       58        3     13847
...
001 (083.028.000) 03/04 13:15:23 Job executing on host: <192.168.105.78:49021>
...
001 (083.029.000) 03/04 13:15:23 Job executing on host: <192.168.105.78:49021>
...
001 (083.030.000) 03/04 13:15:23 Job executing on host: <192.168.105.78:49021>
...
001 (083.031.000) 03/04 13:15:23 Job executing on host: <192.168.105.78:49021>
...
001 (083.032.000) 03/04 13:15:23 Job executing on host: <192.168.105.78:49021>
...
001 (083.033.000) 03/04 13:15:23 Job executing on host: <192.168.105.78:49021>
...
001 (083.034.000) 03/04 13:15:24 Job executing on host: <192.168.105.78:49021>
...
001 (083.035.000) 03/04 13:15:24 Job executing on host: <192.168.105.78:49021>
...
001 (083.036.000) 03/04 13:15:24 Job executing on host: <192.168.105.78:49021>
...
001 (083.037.000) 03/04 13:15:24 Job executing on host: <192.168.105.78:49021>
...
001 (083.039.000) 03/04 13:15:24 Job executing on host: <192.168.105.78:49021>
...
001 (083.038.000) 03/04 13:15:24 Job executing on host: <192.168.105.78:49021>
...
001 (083.040.000) 03/04 13:15:24 Job executing on host: <192.168.105.78:49021>
...
001 (083.041.000) 03/04 13:15:24 Job executing on host: <192.168.105.78:49021>
...
001 (083.043.000) 03/04 13:15:24 Job executing on host: <192.168.105.78:49021>
...
001 (083.044.000) 03/04 13:15:24 Job executing on host: <192.168.105.78:49021>
...
001 (083.047.000) 03/04 13:15:24 Job executing on host: <192.168.105.78:49021>
...
001 (083.046.000) 03/04 13:15:24 Job executing on host: <192.168.105.78:49021>
...
001 (083.042.000) 03/04 13:15:24 Job executing on host: <192.168.105.78:49021>
...
001 (083.048.000) 03/04 13:15:24 Job executing on host: <192.168.105.78:49021>
...
001 (083.045.000) 03/04 13:15:24 Job executing on host: <192.168.105.78:49021>
...
006 (083.028.000) 03/04 13:15:31 Image size of job updated: 220148
	58  -  MemoryUsage of job (MB)
	59184  -  ResidentSetSize of job (KB)
...
006 (083.029.000) 03/04 13:15:31 Image size of job updated: 220148
	58  -  MemoryUsage of job (MB)
	59184  -  ResidentSetSize of job (KB)
...
006 (083.030.000) 03/04 13:15:31 Image size of job updated: 220148
	58  -  MemoryUsage of job (MB)
	59180  -  ResidentSetSize of job (KB)
...
006 (083.034.000) 03/04 13:15:32 Image size of job updated: 220148
	58  -  MemoryUsage of job (MB)
	59184  -  ResidentSetSize of job (KB)
...
006 (083.031.000) 03/04 13:15:32 Image size of job updated: 220148
	58  -  MemoryUsage of job (MB)
	59184  -  ResidentSetSize of job (KB)
...
006 (083.032.000) 03/04 13:15:32 Image size of job updated: 220148
	58  -  MemoryUsage of job (MB)
	59180  -  ResidentSetSize of job (KB)
...
006 (083.033.000) 03/04 13:15:32 Image size of job updated: 220148
	58  -  MemoryUsage of job (MB)
	59184  -  ResidentSetSize of job (KB)
...
006 (083.035.000) 03/04 13:15:33 Image size of job updated: 220144
	58  -  MemoryUsage of job (MB)
	59184  -  ResidentSetSize of job (KB)
...
006 (083.036.000) 03/04 13:15:33 Image size of job updated: 220144
	58  -  MemoryUsage of job (MB)
	59180  -  ResidentSetSize of job (KB)
...
006 (083.037.000) 03/04 13:15:33 Image size of job updated: 220144
	58  -  MemoryUsage of job (MB)
	59184  -  ResidentSetSize of job (KB)
...
006 (083.039.000) 03/04 13:15:33 Image size of job updated: 220144
	58  -  MemoryUsage of job (MB)
	59184  -  ResidentSetSize of job (KB)
...
006 (083.038.000) 03/04 13:15:33 Image size of job updated: 220144
	58  -  MemoryUsage of job (MB)
	59180  -  ResidentSetSize of job (KB)
...
006 (083.040.000) 03/04 13:15:33 Image size of job updated: 220144
	58  -  MemoryUsage of job (MB)
	59184  -  ResidentSetSize of job (KB)
...
006 (083.041.000) 03/04 13:15:33 Image size of job updated: 220144
	58  -  MemoryUsage of job (MB)
	59184  -  ResidentSetSize of job (KB)
...
006 (083.043.000) 03/04 13:15:33 Image size of job updated: 220144
	58  -  MemoryUsage of job (MB)
	59180  -  ResidentSetSize of job (KB)
...
006 (083.044.000) 03/04 13:15:33 Image size of job updated: 220144
	58  -  MemoryUsage of job (MB)
	59184  -  ResidentSetSize of job (KB)
...
006 (083.045.000) 03/04 13:15:33 Image size of job updated: 220144
	58  -  MemoryUsage of job (MB)
	59180  -  ResidentSetSize of job (KB)
...
006 (083.048.000) 03/04 13:15:33 Image size of job updated: 220144
	58  -  MemoryUsage of job (MB)
	59180  -  ResidentSetSize of job (KB)
...
006 (083.042.000) 03/04 13:15:33 Image size of job updated: 220144
	58  -  MemoryUsage of job (MB)
	59184  -  ResidentSetSize of job (KB)
...
006 (083.047.000) 03/04 13:15:33 Image size of job updated: 220144
	58  -  MemoryUsage of job (MB)
	59180  -  ResidentSetSize of job (KB)
...
006 (083.046.000) 03/04 13:15:33 Image size of job updated: 220144
	58  -  MemoryUsage of job (MB)
	59184  -  ResidentSetSize of job (KB)
...
001 (083.049.000) 03/04 13:16:23 Job executing on host: <192.168.105.78:49021>
...
006 (083.049.000) 03/04 13:16:31 Image size of job updated: 220144
	58  -  MemoryUsage of job (MB)
	59184  -  ResidentSetSize of job (KB)
...
005 (083.048.000) 03/04 13:33:54 Job terminated.
	(1) Normal termination (return value 0)
		Usr 0 00:16:13, Sys 0 00:00:00  -  Run Remote Usage
		Usr 0 00:00:00, Sys 0 00:00:00  -  Run Local Usage
		Usr 0 00:16:13, Sys 0 00:00:00  -  Total Remote Usage
		Usr 0 00:00:00, Sys 0 00:00:00  -  Total Local Usage
	0  -  Run Bytes Sent By Job
	0  -  Run Bytes Received By Job
	0  -  Total Bytes Sent By Job
	0  -  Total Bytes Received By Job
	Partitionable Resources :    Usage  Request Allocated
	   Cpus                 :                 1         1
	   Disk (KB)            :     3000     3000   4446188
	   Memory (MB)          :       58        3     13847
...
005 (083.040.000) 03/04 13:33:54 Job terminated.
	(1) Normal termination (return value 0)
		Usr 0 00:16:11, Sys 0 00:00:00  -  Run Remote Usage
		Usr 0 00:00:00, Sys 0 00:00:00  -  Run Local Usage
		Usr 0 00:16:11, Sys 0 00:00:00  -  Total Remote Usage
		Usr 0 00:00:00, Sys 0 00:00:00  -  Total Local Usage
	0  -  Run Bytes Sent By Job
	0  -  Run Bytes Received By Job
	0  -  Total Bytes Sent By Job
	0  -  Total Bytes Received By Job
	Partitionable Resources :    Usage  Request Allocated
	   Cpus                 :                 1         1
	   Disk (KB)            :     3000     3000   4446186
	   Memory (MB)          :       58        3     13847
...
005 (083.029.000) 03/04 13:33:55 Job terminated.
	(1) Normal termination (return value 0)
		Usr 0 00:16:20, Sys 0 00:00:00  -  Run Remote Usage
		Usr 0 00:00:00, Sys 0 00:00:00  -  Run Local Usage
		Usr 0 00:16:20, Sys 0 00:00:00  -  Total Remote Usage
		Usr 0 00:00:00, Sys 0 00:00:00  -  Total Local Usage
	0  -  Run Bytes Sent By Job
	0  -  Run Bytes Received By Job
	0  -  Total Bytes Sent By Job
	0  -  Total Bytes Received By Job
	Partitionable Resources :    Usage  Request Allocated
	   Cpus                 :                 1         1
	   Disk (KB)            :     3000     3000   4446196
	   Memory (MB)          :       58        3     13847
...
005 (083.033.000) 03/04 13:33:56 Job terminated.
	(1) Normal termination (return value 0)
		Usr 0 00:16:19, Sys 0 00:00:00  -  Run Remote Usage
		Usr 0 00:00:00, Sys 0 00:00:00  -  Run Local Usage
		Usr 0 00:16:19, Sys 0 00:00:00  -  Total Remote Usage
		Usr 0 00:00:00, Sys 0 00:00:00  -  Total Local Usage
	0  -  Run Bytes Sent By Job
	0  -  Run Bytes Received By Job
	0  -  Total Bytes Sent By Job
	0  -  Total Bytes Received By Job
	Partitionable Resources :    Usage  Request Allocated
	   Cpus                 :                 1         1
	   Disk (KB)            :     3000     3000   4446196
	   Memory (MB)          :       58        3     13847
...
006 (083.047.000) 03/04 13:33:57 Image size of job updated: 220148
	58  -  MemoryUsage of job (MB)
	59180  -  ResidentSetSize of job (KB)
...
005 (083.047.000) 03/04 13:33:57 Job terminated.
	(1) Normal termination (return value 0)
		Usr 0 00:16:28, Sys 0 00:00:00  -  Run Remote Usage
		Usr 0 00:00:00, Sys 0 00:00:00  -  Run Local Usage
		Usr 0 00:16:28, Sys 0 00:00:00  -  Total Remote Usage
		Usr 0 00:00:00, Sys 0 00:00:00  -  Total Local Usage
	0  -  Run Bytes Sent By Job
	0  -  Run Bytes Received By Job
	0  -  Total Bytes Sent By Job
	0  -  Total Bytes Received By Job
	Partitionable Resources :    Usage  Request Allocated
	   Cpus                 :                 1         1
	   Disk (KB)            :     3000     3000   4446194
	   Memory (MB)          :       58        3     13847
...
005 (083.043.000) 03/04 13:34:00 Job terminated.
	(1) Normal termination (return value 0)
		Usr 0 00:16:19, Sys 0 00:00:00  -  Run Remote Usage
		Usr 0 00:00:00, Sys 0 00:00:00  -  Run Local Usage
		Usr 0 00:16:19, Sys 0 00:00:00  -  Total Remote Usage
		Usr 0 00:00:00, Sys 0 00:00:00  -  Total Local Usage
	0  -  Run Bytes Sent By Job
	0  -  Run Bytes Received By Job
	0  -  Total Bytes Sent By Job
	0  -  Total Bytes Received By Job
	Partitionable Resources :    Usage  Request Allocated
	   Cpus                 :                 1         1
	   Disk (KB)            :     3000     3000   4446194
	   Memory (MB)          :       58        3     13847
...
005 (083.041.000) 03/04 13:34:00 Job terminated.
	(1) Normal termination (return value 0)
		Usr 0 00:16:30, Sys 0 00:00:00  -  Run Remote Usage
		Usr 0 00:00:00, Sys 0 00:00:00  -  Run Local Usage
		Usr 0 00:16:30, Sys 0 00:00:00  -  Total Remote Usage
		Usr 0 00:00:00, Sys 0 00:00:00  -  Total Local Usage
	0  -  Run Bytes Sent By Job
	0  -  Run Bytes Received By Job
	0  -  Total Bytes Sent By Job
	0  -  Total Bytes Received By Job
	Partitionable Resources :    Usage  Request Allocated
	   Cpus                 :                 1         1
	   Disk (KB)            :     3000     3000   4446188
	   Memory (MB)          :       58        3     13847
...
006 (083.044.000) 03/04 13:34:00 Image size of job updated: 220148
	58  -  MemoryUsage of job (MB)
	59184  -  ResidentSetSize of job (KB)
...
005 (083.044.000) 03/04 13:34:00 Job terminated.
	(1) Normal termination (return value 0)
		Usr 0 00:16:19, Sys 0 00:00:00  -  Run Remote Usage
		Usr 0 00:00:00, Sys 0 00:00:00  -  Run Local Usage
		Usr 0 00:16:19, Sys 0 00:00:00  -  Total Remote Usage
		Usr 0 00:00:00, Sys 0 00:00:00  -  Total Local Usage
	0  -  Run Bytes Sent By Job
	0  -  Run Bytes Received By Job
	0  -  Total Bytes Sent By Job
	0  -  Total Bytes Received By Job
	Partitionable Resources :    Usage  Request Allocated
	   Cpus                 :                 1         1
	   Disk (KB)            :     3000     3000   4446190
	   Memory (MB)          :       58        3     13847
...
005 (083.032.000) 03/04 13:34:01 Job terminated.
	(1) Normal termination (return value 0)
		Usr 0 00:16:25, Sys 0 00:00:00  -  Run Remote Usage
		Usr 0 00:00:00, Sys 0 00:00:00  -  Run Local Usage
		Usr 0 00:16:25, Sys 0 00:00:00  -  Total Remote Usage
		Usr 0 00:00:00, Sys 0 00:00:00  -  Total Local Usage
	0  -  Run Bytes Sent By Job
	0  -  Run Bytes Received By Job
	0  -  Total Bytes Sent By Job
	0  -  Total Bytes Received By Job
	Partitionable Resources :    Usage  Request Allocated
	   Cpus                 :                 1         1
	   Disk (KB)            :     3000     3000   4446188
	   Memory (MB)          :       58        3     13847
...
005 (083.034.000) 03/04 13:34:01 Job terminated.
	(1) Normal termination (return value 0)
		Usr 0 00:16:18, Sys 0 00:00:00  -  Run Remote Usage
		Usr 0 00:00:00, Sys 0 00:00:00  -  Run Local Usage
		Usr 0 00:16:18, Sys 0 00:00:00  -  Total Remote Usage
		Usr 0 00:00:00, Sys 0 00:00:00  -  Total Local Usage
	0  -  Run Bytes Sent By Job
	0  -  Run Bytes Received By Job
	0  -  Total Bytes Sent By Job
	0  -  Total Bytes Received By Job
	Partitionable Resources :    Usage  Request Allocated
	   Cpus                 :                 1         1
	   Disk (KB)            :     3000     3000   4446186
	   Memory (MB)          :       58        3     13847
...
005 (083.030.000) 03/04 13:34:03 Job terminated.
	(1) Normal termination (return value 0)
		Usr 0 00:16:19, Sys 0 00:00:00  -  Run Remote Usage
		Usr 0 00:00:00, Sys 0 00:00:00  -  Run Local Usage
		Usr 0 00:16:19, Sys 0 00:00:00  -  Total Remote Usage
		Usr 0 00:00:00, Sys 0 00:00:00  -  Total Local Usage
	0  -  Run Bytes Sent By Job
	0  -  Run Bytes Received By Job
	0  -  Total Bytes Sent By Job
	0  -  Total Bytes Received By Job
	Partitionable Resources :    Usage  Request Allocated
	   Cpus                 :                 1         1
	   Disk (KB)            :     3000     3000   4446194
	   Memory (MB)          :       58        3     13847
...
005 (083.031.000) 03/04 13:34:03 Job terminated.
	(1) Normal termination (return value 0)
		Usr 0 00:16:30, Sys 0 00:00:00  -  Run Remote Usage
		Usr 0 00:00:00, Sys 0 00:00:00  -  Run Local Usage
		Usr 0 00:16:30, Sys 0 00:00:00  -  Total Remote Usage
		Usr 0 00:00:00, Sys 0 00:00:00  -  Total Local Usage
	0  -  Run Bytes Sent By Job
	0  -  Run Bytes Received By Job
	0  -  Total Bytes Sent By Job
	0  -  Total Bytes Received By Job
	Partitionable Resources :    Usage  Request Allocated
	   Cpus                 :                 1         1
	   Disk (KB)            :     3000     3000   4446194
	   Memory (MB)          :       58        3     13847
...
005 (083.038.000) 03/04 13:34:05 Job terminated.
	(1) Normal termination (return value 0)
		Usr 0 00:16:22, Sys 0 00:00:00  -  Run Remote Usage
		Usr 0 00:00:00, Sys 0 00:00:00  -  Run Local Usage
		Usr 0 00:16:22, Sys 0 00:00:00  -  Total Remote Usage
		Usr 0 00:00:00, Sys 0 00:00:00  -  Total Local Usage
	0  -  Run Bytes Sent By Job
	0  -  Run Bytes Received By Job
	0  -  Total Bytes Sent By Job
	0  -  Total Bytes Received By Job
	Partitionable Resources :    Usage  Request Allocated
	   Cpus                 :                 1         1
	   Disk (KB)            :     3000     3000   4446188
	   Memory (MB)          :       58        3     13847
...
005 (083.045.000) 03/04 13:34:06 Job terminated.
	(1) Normal termination (return value 0)
		Usr 0 00:16:26, Sys 0 00:00:00  -  Run Remote Usage
		Usr 0 00:00:00, Sys 0 00:00:00  -  Run Local Usage
		Usr 0 00:16:26, Sys 0 00:00:00  -  Total Remote Usage
		Usr 0 00:00:00, Sys 0 00:00:00  -  Total Local Usage
	0  -  Run Bytes Sent By Job
	0  -  Run Bytes Received By Job
	0  -  Total Bytes Sent By Job
	0  -  Total Bytes Received By Job
	Partitionable Resources :    Usage  Request Allocated
	   Cpus                 :                 1         1
	   Disk (KB)            :     3000     3000   4446190
	   Memory (MB)          :       58        3     13847
...
006 (083.036.000) 03/04 13:34:06 Image size of job updated: 220148
	58  -  MemoryUsage of job (MB)
	59180  -  ResidentSetSize of job (KB)
...
005 (083.036.000) 03/04 13:34:06 Job terminated.
	(1) Normal termination (return value 0)
		Usr 0 00:16:28, Sys 0 00:00:00  -  Run Remote Usage
		Usr 0 00:00:00, Sys 0 00:00:00  -  Run Local Usage
		Usr 0 00:16:28, Sys 0 00:00:00  -  Total Remote Usage
		Usr 0 00:00:00, Sys 0 00:00:00  -  Total Local Usage
	0  -  Run Bytes Sent By Job
	0  -  Run Bytes Received By Job
	0  -  Total Bytes Sent By Job
	0  -  Total Bytes Received By Job
	Partitionable Resources :    Usage  Request Allocated
	   Cpus                 :                 1         1
	   Disk (KB)            :     3000     3000   4446189
	   Memory (MB)          :       58        3     13847
...
006 (083.039.000) 03/04 13:34:06 Image size of job updated: 220148
	58  -  MemoryUsage of job (MB)
	59184  -  ResidentSetSize of job (KB)
...
005 (083.039.000) 03/04 13:34:06 Job terminated.
	(1) Normal termination (return value 0)
		Usr 0 00:16:28, Sys 0 00:00:00  -  Run Remote Usage
		Usr 0 00:00:00, Sys 0 00:00:00  -  Run Local Usage
		Usr 0 00:16:28, Sys 0 00:00:00  -  Total Remote Usage
		Usr 0 00:00:00, Sys 0 00:00:00  -  Total Local Usage
	0  -  Run Bytes Sent By Job
	0  -  Run Bytes Received By Job
	0  -  Total Bytes Sent By Job
	0  -  Total Bytes Received By Job
	Partitionable Resources :    Usage  Request Allocated
	   Cpus                 :                 1         1
	   Disk (KB)            :     3000     3000   4446190
	   Memory (MB)          :       58        3     13847
...
005 (083.028.000) 03/04 13:34:07 Job terminated.
	(1) Normal termination (return value 0)
		Usr 0 00:16:30, Sys 0 00:00:00  -  Run Remote Usage
		Usr 0 00:00:00, Sys 0 00:00:00  -  Run Local Usage
		Usr 0 00:16:30, Sys 0 00:00:00  -  Total Remote Usage
		Usr 0 00:00:00, Sys 0 00:00:00  -  Total Local Usage
	0  -  Run Bytes Sent By Job
	0  -  Run Bytes Received By Job
	0  -  Total Bytes Sent By Job
	0  -  Total Bytes Received By Job
	Partitionable Resources :    Usage  Request Allocated
	   Cpus                 :                 1         1
	   Disk (KB)            :     3000     3000   4446189
	   Memory (MB)          :       58        3     13847
...
006 (083.037.000) 03/04 13:34:07 Image size of job updated: 220148
	58  -  MemoryUsage of job (MB)
	59184  -  ResidentSetSize of job (KB)
...
005 (083.037.000) 03/04 13:34:07 Job terminated.
	(1) Normal termination (return value 0)
		Usr 0 00:16:29, Sys 0 00:00:00  -  Run Remote Usage
		Usr 0 00:00:00, Sys 0 00:00:00  -  Run Local Usage
		Usr 0 00:16:29, Sys 0 00:00:00  -  Total Remote Usage
		Usr 0 00:00:00, Sys 0 00:00:00  -  Total Local Usage
	0  -  Run Bytes Sent By Job
	0  -  Run Bytes Received By Job
	0  -  Total Bytes Sent By Job
	0  -  Total Bytes Received By Job
	Partitionable Resources :    Usage  Request Allocated
	   Cpus                 :                 1         1
	   Disk (KB)            :     3000     3000   4446194
	   Memory (MB)          :       58        3     13847
...
005 (083.035.000) 03/04 13:34:09 Job terminated.
	(1) Normal termination (return value 0)
		Usr 0 00:16:28, Sys 0 00:00:00  -  Run Remote Usage
		Usr 0 00:00:00, Sys 0 00:00:00  -  Run Local Usage
		Usr 0 00:16:28, Sys 0 00:00:00  -  Total Remote Usage
		Usr 0 00:00:00, Sys 0 00:00:00  -  Total Local Usage
	0  -  Run Bytes Sent By Job
	0  -  Run Bytes Received By Job
	0  -  Total Bytes Sent By Job
	0  -  Total Bytes Received By Job
	Partitionable Resources :    Usage  Request Allocated
	   Cpus                 :                 1         1
	   Disk (KB)            :     3000     3000   4446194
	   Memory (MB)          :       58        3     13847
...
005 (083.046.000) 03/04 13:34:10 Job terminated.
	(1) Normal termination (return value 0)
		Usr 0 00:16:31, Sys 0 00:00:00  -  Run Remote Usage
		Usr 0 00:00:00, Sys 0 00:00:00  -  Run Local Usage
		Usr 0 00:16:31, Sys 0 00:00:00  -  Total Remote Usage
		Usr 0 00:00:00, Sys 0 00:00:00  -  Total Local Usage
	0  -  Run Bytes Sent By Job
	0  -  Run Bytes Received By Job
	0  -  Total Bytes Sent By Job
	0  -  Total Bytes Received By Job
	Partitionable Resources :    Usage  Request Allocated
	   Cpus                 :                 1         1
	   Disk (KB)            :     3000     3000   4446192
	   Memory (MB)          :       58        3     13847
...
005 (083.042.000) 03/04 13:34:14 Job terminated.
	(1) Normal termination (return value 0)
		Usr 0 00:16:34, Sys 0 00:00:00  -  Run Remote Usage
		Usr 0 00:00:00, Sys 0 00:00:00  -  Run Local Usage
		Usr 0 00:16:34, Sys 0 00:00:00  -  Total Remote Usage
		Usr 0 00:00:00, Sys 0 00:00:00  -  Total Local Usage
	0  -  Run Bytes Sent By Job
	0  -  Run Bytes Received By Job
	0  -  Total Bytes Sent By Job
	0  -  Total Bytes Received By Job
	Partitionable Resources :    Usage  Request Allocated
	   Cpus                 :                 1         1
	   Disk (KB)            :     3000     3000   4446192
	   Memory (MB)          :       58        3     13847
...
005 (083.049.000) 03/04 13:34:38 Job terminated.
	(1) Normal termination (return value 0)
		Usr 0 00:16:02, Sys 0 00:00:00  -  Run Remote Usage
		Usr 0 00:00:00, Sys 0 00:00:00  -  Run Local Usage
		Usr 0 00:16:02, Sys 0 00:00:00  -  Total Remote Usage
		Usr 0 00:00:00, Sys 0 00:00:00  -  Total Local Usage
	0  -  Run Bytes Sent By Job
	0  -  Run Bytes Received By Job
	0  -  Total Bytes Sent By Job
	0  -  Total Bytes Received By Job
	Partitionable Resources :    Usage  Request Allocated
	   Cpus                 :                 1         1
	   Disk (KB)            :     3000     3000   4446196
	   Memory (MB)          :       58        3     13847
...
